<?xml version="1.0" encoding="UTF-8"?>
<!-- Generated by org.testng.reporters.JUnitReportReporter -->
<testsuite hostname="NTP-LAP-925" failures="0" tests="3" name="org.ict.scripts.TestClass" time="7.748" errors="0" timestamp="2022-12-16T00:36:58 IST" skipped="0">
  <testcase classname="org.ict.scripts.TestClass" name="ValidLoginVerification" time="3.208"/>
  <system-out/>
  <testcase classname="org.ict.scripts.TestClass" name="ValidHomeVerification" time="1.187"/>
  <system-out/>
  <testcase classname="org.ict.scripts.TestClass" name="ValidAddEmpVerification" time="3.353"/>
  <system-out/>
</testsuite> <!-- org.ict.scripts.TestClass -->
